Running on:
GPU: NVIDIA B200
CPU: INTEL(R) XEON(R) PLATINUM 8570
Device count: 1
Runtime: CUDA
Platform: Linux-6.8.0-51-generic-x86_64-with-glibc2.35
Torch: 2.9.1+cu130
Hostname: 2939a67e76fc
Running failed
Command 
python3 eval.py benchmark /tmp/tmpafqayybv

exited with error code 1 after 2.99 seconds.
Cluster Bot
APP
 â€” 7:52 AM
Program stderr (1/1):
multiprocessing.pool.RemoteTraceback: 
"""
Traceback (most recent call last):
  File "/usr/lib/python3.10/multiprocessing/pool.py", line 125, in worker
    result = (True, func(*args, **kwds))
  File "/home/runner/_work/discord-cluster-manager/discord-cluster-manager/eval.py", line 228, in _run_single_benchmark
    output = custom_kernel(_clone_data(data))
  File "/home/runner/_work/discord-cluster-manager/discord-cluster-manager/submission.py", line 772, in custom_kernel
    a, b, _, _, sfa_permuted, sfb_permuted, c = data
ValueError: too many values to unpack (expected 7)
"""

The above exception was the direct cause of the following exception:

Traceback (most recent call last):
  File "/home/runner/_work/discord-cluster-manager/discord-cluster-manager/eval.py", line 498, in <module>
    sys.exit(main())
  File "/home/runner/_work/discord-cluster-manager/discord-cluster-manager/eval.py", line 466, in main
    return run_benchmarking(logger, pool, tests)
  File "/home/runner/_work/discord-cluster-manager/discord-cluster-manager/eval.py", line 319, in run_benchmarking
    run_single_benchmark(pool, tests[0], False, 200, 10e7)
  File "/home/runner/_work/discord-cluster-manager/discord-cluster-manager/eval.py", line 304, in run_single_benchmark
    return pool.apply(_run_single_benchmark, (test, recheck, max_repeats, max_time_ns))
  File "/usr/lib/python3.10/multiprocessing/pool.py", line 360, in apply
    return self.apply_async(func, args, kwds).get()
  File "/usr/lib/python3.10/multiprocessing/pool.py", line 774, in get
    raise self._value
ValueError: too many values to unpack (expected 7)